{"total": {"lines":{"total":4759,"covered":2351,"skipped":0,"pct":49.4},"statements":{"total":5311,"covered":2571,"skipped":0,"pct":48.4},"functions":{"total":916,"covered":471,"skipped":0,"pct":51.41},"branches":{"total":3932,"covered":1746,"skipped":0,"pct":44.4},"branchesTrue":{"total":0,"covered":0,"skipped":0,"pct":100}}
,"/home/syrokomskyi/projects/warpgogol/werkstatt/packages/werkstatt-shared/src/checks/result-helpers.ts": {"lines":{"total":26,"covered":20,"skipped":0,"pct":76.92},"functions":{"total":13,"covered":7,"skipped":0,"pct":53.84},"statements":{"total":29,"covered":22,"skipped":0,"pct":75.86},"branches":{"total":38,"covered":25,"skipped":0,"pct":65.78}}
,"/home/syrokomskyi/projects/warpgogol/werkstatt/packages/werkstatt-shared/src/checks/suppressions-config.ts": {"lines":{"total":58,"covered":0,"skipped":0,"pct":0},"functions":{"total":11,"covered":0,"skipped":0,"pct":0},"statements":{"total":73,"covered":0,"skipped":0,"pct":0},"branches":{"total":62,"covered":0,"skipped":0,"pct":0}}
,"/home/syrokomskyi/projects/warpgogol/werkstatt/packages/werkstatt-shared/src/checks/lib/astro-site-url.ts": {"lines":{"total":6,"covered":0,"skipped":0,"pct":0},"functions":{"total":1,"covered":0,"skipped":0,"pct":0},"statements":{"total":6,"covered":0,"skipped":0,"pct":0},"branches":{"total":0,"covered":0,"skipped":0,"pct":100}}
,"/home/syrokomskyi/projects/warpgogol/werkstatt/packages/werkstatt-shared/src/checks/lib/i18n.ts": {"lines":{"total":16,"covered":0,"skipped":0,"pct":0},"functions":{"total":3,"covered":0,"skipped":0,"pct":0},"statements":{"total":17,"covered":0,"skipped":0,"pct":0},"branches":{"total":10,"covered":0,"skipped":0,"pct":0}}
,"/home/syrokomskyi/projects/warpgogol/werkstatt/packages/werkstatt-shared/src/content/markdown-frontmatter.ts": {"lines":{"total":7,"covered":0,"skipped":0,"pct":0},"functions":{"total":2,"covered":0,"skipped":0,"pct":0},"statements":{"total":7,"covered":0,"skipped":0,"pct":0},"branches":{"total":6,"covered":0,"skipped":0,"pct":0}}
,"/home/syrokomskyi/projects/warpgogol/werkstatt/packages/werkstatt-shared/src/content/system-manifest.ts": {"lines":{"total":20,"covered":0,"skipped":0,"pct":0},"functions":{"total":4,"covered":0,"skipped":0,"pct":0},"statements":{"total":20,"covered":0,"skipped":0,"pct":0},"branches":{"total":0,"covered":0,"skipped":0,"pct":100}}
,"/home/syrokomskyi/projects/warpgogol/werkstatt/packages/werkstatt-shared/src/integration/adapters.ts": {"lines":{"total":29,"covered":17,"skipped":0,"pct":58.62},"functions":{"total":5,"covered":2,"skipped":0,"pct":40},"statements":{"total":37,"covered":17,"skipped":0,"pct":45.94},"branches":{"total":35,"covered":11,"skipped":0,"pct":31.42}}
,"/home/syrokomskyi/projects/warpgogol/werkstatt/packages/werkstatt-shared/src/integration/dispatch.ts": {"lines":{"total":13,"covered":12,"skipped":0,"pct":92.3},"functions":{"total":2,"covered":2,"skipped":0,"pct":100},"statements":{"total":13,"covered":12,"skipped":0,"pct":92.3},"branches":{"total":7,"covered":7,"skipped":0,"pct":100}}
,"/home/syrokomskyi/projects/warpgogol/werkstatt/packages/werkstatt-shared/src/integration/funnel.ts": {"lines":{"total":36,"covered":19,"skipped":0,"pct":52.77},"functions":{"total":7,"covered":2,"skipped":0,"pct":28.57},"statements":{"total":38,"covered":19,"skipped":0,"pct":50},"branches":{"total":11,"covered":0,"skipped":0,"pct":0}}
,"/home/syrokomskyi/projects/warpgogol/werkstatt/packages/werkstatt-shared/src/integration/lagebild-ingress.ts": {"lines":{"total":12,"covered":11,"skipped":0,"pct":91.66},"functions":{"total":2,"covered":2,"skipped":0,"pct":100},"statements":{"total":12,"covered":11,"skipped":0,"pct":91.66},"branches":{"total":21,"covered":16,"skipped":0,"pct":76.19}}
,"/home/syrokomskyi/projects/warpgogol/werkstatt/packages/werkstatt-shared/src/integration/lifecycle.ts": {"lines":{"total":9,"covered":9,"skipped":0,"pct":100},"functions":{"total":1,"covered":1,"skipped":0,"pct":100},"statements":{"total":9,"covered":9,"skipped":0,"pct":100},"branches":{"total":0,"covered":0,"skipped":0,"pct":100}}
,"/home/syrokomskyi/projects/warpgogol/werkstatt/packages/werkstatt-shared/src/integration/orchestration.ts": {"lines":{"total":94,"covered":67,"skipped":0,"pct":71.27},"functions":{"total":28,"covered":21,"skipped":0,"pct":75},"statements":{"total":109,"covered":74,"skipped":0,"pct":67.88},"branches":{"total":40,"covered":23,"skipped":0,"pct":57.5}}
,"/home/syrokomskyi/projects/warpgogol/werkstatt/packages/werkstatt-shared/src/integration/port-barrel.ts": {"lines":{"total":0,"covered":0,"skipped":0,"pct":100},"functions":{"total":0,"covered":0,"skipped":0,"pct":100},"statements":{"total":0,"covered":0,"skipped":0,"pct":100},"branches":{"total":0,"covered":0,"skipped":0,"pct":100}}
,"/home/syrokomskyi/projects/warpgogol/werkstatt/packages/werkstatt-shared/src/integration/port.ts": {"lines":{"total":8,"covered":8,"skipped":0,"pct":100},"functions":{"total":2,"covered":2,"skipped":0,"pct":100},"statements":{"total":8,"covered":8,"skipped":0,"pct":100},"branches":{"total":16,"covered":6,"skipped":0,"pct":37.5}}
,"/home/syrokomskyi/projects/warpgogol/werkstatt/packages/werkstatt-shared/src/integration/qstash.ts": {"lines":{"total":16,"covered":16,"skipped":0,"pct":100},"functions":{"total":3,"covered":3,"skipped":0,"pct":100},"statements":{"total":16,"covered":16,"skipped":0,"pct":100},"branches":{"total":10,"covered":10,"skipped":0,"pct":100}}
,"/home/syrokomskyi/projects/warpgogol/werkstatt/packages/werkstatt-shared/src/integration/sharding.ts": {"lines":{"total":19,"covered":19,"skipped":0,"pct":100},"functions":{"total":4,"covered":4,"skipped":0,"pct":100},"statements":{"total":21,"covered":21,"skipped":0,"pct":100},"branches":{"total":11,"covered":10,"skipped":0,"pct":90.9}}
,"/home/syrokomskyi/projects/warpgogol/werkstatt/packages/werkstatt-shared/src/observability/conventions.ts": {"lines":{"total":20,"covered":20,"skipped":0,"pct":100},"functions":{"total":1,"covered":1,"skipped":0,"pct":100},"statements":{"total":20,"covered":20,"skipped":0,"pct":100},"branches":{"total":18,"covered":17,"skipped":0,"pct":94.44}}
,"/home/syrokomskyi/projects/warpgogol/werkstatt/packages/werkstatt-shared/src/observability/env-resolver.ts": {"lines":{"total":14,"covered":1,"skipped":0,"pct":7.14},"functions":{"total":3,"covered":1,"skipped":0,"pct":33.33},"statements":{"total":19,"covered":2,"skipped":0,"pct":10.52},"branches":{"total":20,"covered":1,"skipped":0,"pct":5}}
,"/home/syrokomskyi/projects/warpgogol/werkstatt/packages/werkstatt-shared/src/observability/metric-registry.ts": {"lines":{"total":6,"covered":6,"skipped":0,"pct":100},"functions":{"total":4,"covered":4,"skipped":0,"pct":100},"statements":{"total":7,"covered":7,"skipped":0,"pct":100},"branches":{"total":0,"covered":0,"skipped":0,"pct":100}}
,"/home/syrokomskyi/projects/warpgogol/werkstatt/packages/werkstatt-shared/src/observability/otlp-converter.ts": {"lines":{"total":34,"covered":34,"skipped":0,"pct":100},"functions":{"total":5,"covered":5,"skipped":0,"pct":100},"statements":{"total":39,"covered":39,"skipped":0,"pct":100},"branches":{"total":16,"covered":14,"skipped":0,"pct":87.5}}
,"/home/syrokomskyi/projects/warpgogol/werkstatt/packages/werkstatt-shared/src/observability/otlp-json.ts": {"lines":{"total":13,"covered":13,"skipped":0,"pct":100},"functions":{"total":5,"covered":5,"skipped":0,"pct":100},"statements":{"total":13,"covered":13,"skipped":0,"pct":100},"branches":{"total":26,"covered":18,"skipped":0,"pct":69.23}}
,"/home/syrokomskyi/projects/warpgogol/werkstatt/packages/werkstatt-shared/src/observability/otlp-transport.ts": {"lines":{"total":16,"covered":12,"skipped":0,"pct":75},"functions":{"total":4,"covered":3,"skipped":0,"pct":75},"statements":{"total":18,"covered":13,"skipped":0,"pct":72.22},"branches":{"total":8,"covered":3,"skipped":0,"pct":37.5}}
,"/home/syrokomskyi/projects/warpgogol/werkstatt/packages/werkstatt-shared/src/observability/pusher.ts": {"lines":{"total":56,"covered":34,"skipped":0,"pct":60.71},"functions":{"total":7,"covered":5,"skipped":0,"pct":71.42},"statements":{"total":60,"covered":34,"skipped":0,"pct":56.66},"branches":{"total":33,"covered":15,"skipped":0,"pct":45.45}}
,"/home/syrokomskyi/projects/warpgogol/werkstatt/packages/werkstatt-shared/src/observability/redact.ts": {"lines":{"total":9,"covered":9,"skipped":0,"pct":100},"functions":{"total":1,"covered":1,"skipped":0,"pct":100},"statements":{"total":10,"covered":10,"skipped":0,"pct":100},"branches":{"total":2,"covered":2,"skipped":0,"pct":100}}
,"/home/syrokomskyi/projects/warpgogol/werkstatt/packages/werkstatt-shared/src/observability/typed-refs.ts": {"lines":{"total":9,"covered":0,"skipped":0,"pct":0},"functions":{"total":6,"covered":0,"skipped":0,"pct":0},"statements":{"total":9,"covered":0,"skipped":0,"pct":0},"branches":{"total":6,"covered":0,"skipped":0,"pct":0}}
,"/home/syrokomskyi/projects/warpgogol/werkstatt/packages/werkstatt-shared/src/onboarding/brief.ts": {"lines":{"total":6,"covered":0,"skipped":0,"pct":0},"functions":{"total":4,"covered":0,"skipped":0,"pct":0},"statements":{"total":6,"covered":0,"skipped":0,"pct":0},"branches":{"total":0,"covered":0,"skipped":0,"pct":100}}
,"/home/syrokomskyi/projects/warpgogol/werkstatt/packages/werkstatt-shared/src/ontology/archetype-registry.ts": {"lines":{"total":11,"covered":9,"skipped":0,"pct":81.81},"functions":{"total":1,"covered":0,"skipped":0,"pct":0},"statements":{"total":12,"covered":9,"skipped":0,"pct":75},"branches":{"total":2,"covered":1,"skipped":0,"pct":50}}
,"/home/syrokomskyi/projects/warpgogol/werkstatt/packages/werkstatt-shared/src/ontology/biome-token-projection.ts": {"lines":{"total":42,"covered":0,"skipped":0,"pct":0},"functions":{"total":7,"covered":0,"skipped":0,"pct":0},"statements":{"total":51,"covered":0,"skipped":0,"pct":0},"branches":{"total":38,"covered":0,"skipped":0,"pct":0}}
,"/home/syrokomskyi/projects/warpgogol/werkstatt/packages/werkstatt-shared/src/ontology/enums.ts": {"lines":{"total":7,"covered":7,"skipped":0,"pct":100},"functions":{"total":0,"covered":0,"skipped":0,"pct":100},"statements":{"total":7,"covered":7,"skipped":0,"pct":100},"branches":{"total":0,"covered":0,"skipped":0,"pct":100}}
,"/home/syrokomskyi/projects/warpgogol/werkstatt/packages/werkstatt-shared/src/ontology/manifest.ts": {"lines":{"total":11,"covered":11,"skipped":0,"pct":100},"functions":{"total":0,"covered":0,"skipped":0,"pct":100},"statements":{"total":11,"covered":11,"skipped":0,"pct":100},"branches":{"total":0,"covered":0,"skipped":0,"pct":100}}
,"/home/syrokomskyi/projects/warpgogol/werkstatt/packages/werkstatt-shared/src/ontology/cosmic/moon-catalog.ts": {"lines":{"total":2,"covered":2,"skipped":0,"pct":100},"functions":{"total":0,"covered":0,"skipped":0,"pct":100},"statements":{"total":2,"covered":2,"skipped":0,"pct":100},"branches":{"total":0,"covered":0,"skipped":0,"pct":100}}
,"/home/syrokomskyi/projects/warpgogol/werkstatt/packages/werkstatt-shared/src/ontology/cosmic/planet-catalog.ts": {"lines":{"total":2,"covered":2,"skipped":0,"pct":100},"functions":{"total":0,"covered":0,"skipped":0,"pct":100},"statements":{"total":2,"covered":2,"skipped":0,"pct":100},"branches":{"total":0,"covered":0,"skipped":0,"pct":100}}
,"/home/syrokomskyi/projects/warpgogol/werkstatt/packages/werkstatt-shared/src/ontology/cosmic/star-catalog.ts": {"lines":{"total":2,"covered":2,"skipped":0,"pct":100},"functions":{"total":0,"covered":0,"skipped":0,"pct":100},"statements":{"total":2,"covered":2,"skipped":0,"pct":100},"branches":{"total":0,"covered":0,"skipped":0,"pct":100}}
,"/home/syrokomskyi/projects/warpgogol/werkstatt/packages/werkstatt-shared/src/ontology/schemas/biome.ts": {"lines":{"total":20,"covered":0,"skipped":0,"pct":0},"functions":{"total":0,"covered":0,"skipped":0,"pct":100},"statements":{"total":20,"covered":0,"skipped":0,"pct":0},"branches":{"total":0,"covered":0,"skipped":0,"pct":100}}
,"/home/syrokomskyi/projects/warpgogol/werkstatt/packages/werkstatt-shared/src/ontology/schemas/capability.ts": {"lines":{"total":10,"covered":0,"skipped":0,"pct":0},"functions":{"total":3,"covered":0,"skipped":0,"pct":0},"statements":{"total":11,"covered":0,"skipped":0,"pct":0},"branches":{"total":2,"covered":0,"skipped":0,"pct":0}}
,"/home/syrokomskyi/projects/warpgogol/werkstatt/packages/werkstatt-shared/src/ontology/schemas/constellation.ts": {"lines":{"total":2,"covered":0,"skipped":0,"pct":0},"functions":{"total":0,"covered":0,"skipped":0,"pct":100},"statements":{"total":2,"covered":0,"skipped":0,"pct":0},"branches":{"total":0,"covered":0,"skipped":0,"pct":100}}
,"/home/syrokomskyi/projects/warpgogol/werkstatt/packages/werkstatt-shared/src/ontology/schemas/dns-records.ts": {"lines":{"total":3,"covered":0,"skipped":0,"pct":0},"functions":{"total":0,"covered":0,"skipped":0,"pct":100},"statements":{"total":3,"covered":0,"skipped":0,"pct":0},"branches":{"total":0,"covered":0,"skipped":0,"pct":100}}
,"/home/syrokomskyi/projects/warpgogol/werkstatt/packages/werkstatt-shared/src/ontology/schemas/manifest-resolver.ts": {"lines":{"total":32,"covered":29,"skipped":0,"pct":90.62},"functions":{"total":1,"covered":1,"skipped":0,"pct":100},"statements":{"total":36,"covered":31,"skipped":0,"pct":86.11},"branches":{"total":16,"covered":9,"skipped":0,"pct":56.25}}
,"/home/syrokomskyi/projects/warpgogol/werkstatt/packages/werkstatt-shared/src/ontology/schemas/page-entry.ts": {"lines":{"total":14,"covered":0,"skipped":0,"pct":0},"functions":{"total":4,"covered":0,"skipped":0,"pct":0},"statements":{"total":14,"covered":0,"skipped":0,"pct":0},"branches":{"total":8,"covered":0,"skipped":0,"pct":0}}
,"/home/syrokomskyi/projects/warpgogol/werkstatt/packages/werkstatt-shared/src/ontology/schemas/section-archetype.ts": {"lines":{"total":7,"covered":0,"skipped":0,"pct":0},"functions":{"total":1,"covered":0,"skipped":0,"pct":0},"statements":{"total":7,"covered":0,"skipped":0,"pct":0},"branches":{"total":4,"covered":0,"skipped":0,"pct":0}}
,"/home/syrokomskyi/projects/warpgogol/werkstatt/packages/werkstatt-shared/src/ontology/schemas/site-family.ts": {"lines":{"total":10,"covered":0,"skipped":0,"pct":0},"functions":{"total":0,"covered":0,"skipped":0,"pct":100},"statements":{"total":10,"covered":0,"skipped":0,"pct":0},"branches":{"total":0,"covered":0,"skipped":0,"pct":100}}
,"/home/syrokomskyi/projects/warpgogol/werkstatt/packages/werkstatt-shared/src/ontology/schemas/system.ts": {"lines":{"total":0,"covered":0,"skipped":0,"pct":100},"functions":{"total":0,"covered":0,"skipped":0,"pct":100},"statements":{"total":0,"covered":0,"skipped":0,"pct":100},"branches":{"total":0,"covered":0,"skipped":0,"pct":100}}
,"/home/syrokomskyi/projects/warpgogol/werkstatt/packages/werkstatt-shared/src/ontology/schemas/system/growth.ts": {"lines":{"total":3,"covered":0,"skipped":0,"pct":0},"functions":{"total":0,"covered":0,"skipped":0,"pct":100},"statements":{"total":3,"covered":0,"skipped":0,"pct":0},"branches":{"total":0,"covered":0,"skipped":0,"pct":100}}
,"/home/syrokomskyi/projects/warpgogol/werkstatt/packages/werkstatt-shared/src/ontology/schemas/system/integrations.ts": {"lines":{"total":1,"covered":0,"skipped":0,"pct":0},"functions":{"total":0,"covered":0,"skipped":0,"pct":100},"statements":{"total":1,"covered":0,"skipped":0,"pct":0},"branches":{"total":0,"covered":0,"skipped":0,"pct":100}}
,"/home/syrokomskyi/projects/warpgogol/werkstatt/packages/werkstatt-shared/src/ontology/schemas/system/manifest.ts": {"lines":{"total":2,"covered":0,"skipped":0,"pct":0},"functions":{"total":0,"covered":0,"skipped":0,"pct":100},"statements":{"total":2,"covered":0,"skipped":0,"pct":0},"branches":{"total":0,"covered":0,"skipped":0,"pct":100}}
,"/home/syrokomskyi/projects/warpgogol/werkstatt/packages/werkstatt-shared/src/ontology/schemas/system/page-output.ts": {"lines":{"total":7,"covered":0,"skipped":0,"pct":0},"functions":{"total":0,"covered":0,"skipped":0,"pct":100},"statements":{"total":7,"covered":0,"skipped":0,"pct":0},"branches":{"total":0,"covered":0,"skipped":0,"pct":100}}
,"/home/syrokomskyi/projects/warpgogol/werkstatt/packages/werkstatt-shared/src/ontology/schemas/system/release.ts": {"lines":{"total":2,"covered":0,"skipped":0,"pct":0},"functions":{"total":0,"covered":0,"skipped":0,"pct":100},"statements":{"total":2,"covered":0,"skipped":0,"pct":0},"branches":{"total":0,"covered":0,"skipped":0,"pct":100}}
,"/home/syrokomskyi/projects/warpgogol/werkstatt/packages/werkstatt-shared/src/ontology/schemas/system/text.ts": {"lines":{"total":3,"covered":0,"skipped":0,"pct":0},"functions":{"total":0,"covered":0,"skipped":0,"pct":100},"statements":{"total":3,"covered":0,"skipped":0,"pct":0},"branches":{"total":0,"covered":0,"skipped":0,"pct":100}}
,"/home/syrokomskyi/projects/warpgogol/werkstatt/packages/werkstatt-shared/src/ontology/schemas/system/verification.ts": {"lines":{"total":1,"covered":0,"skipped":0,"pct":0},"functions":{"total":0,"covered":0,"skipped":0,"pct":100},"statements":{"total":1,"covered":0,"skipped":0,"pct":0},"branches":{"total":0,"covered":0,"skipped":0,"pct":100}}
,"/home/syrokomskyi/projects/warpgogol/werkstatt/packages/werkstatt-shared/src/ontology/shared-section-props/body-fragments.ts": {"lines":{"total":7,"covered":7,"skipped":0,"pct":100},"functions":{"total":0,"covered":0,"skipped":0,"pct":100},"statements":{"total":7,"covered":7,"skipped":0,"pct":100},"branches":{"total":0,"covered":0,"skipped":0,"pct":100}}
,"/home/syrokomskyi/projects/warpgogol/werkstatt/packages/werkstatt-shared/src/ontology/shared-section-props/catalog.ts": {"lines":{"total":31,"covered":21,"skipped":0,"pct":67.74},"functions":{"total":6,"covered":3,"skipped":0,"pct":50},"statements":{"total":38,"covered":24,"skipped":0,"pct":63.15},"branches":{"total":28,"covered":12,"skipped":0,"pct":42.85}}
,"/home/syrokomskyi/projects/warpgogol/werkstatt/packages/werkstatt-shared/src/ontology/shared-section-props/common.ts": {"lines":{"total":8,"covered":8,"skipped":0,"pct":100},"functions":{"total":0,"covered":0,"skipped":0,"pct":100},"statements":{"total":8,"covered":8,"skipped":0,"pct":100},"branches":{"total":0,"covered":0,"skipped":0,"pct":100}}
,"/home/syrokomskyi/projects/warpgogol/werkstatt/packages/werkstatt-shared/src/ontology/shared-section-props/visual-header.ts": {"lines":{"total":2,"covered":2,"skipped":0,"pct":100},"functions":{"total":0,"covered":0,"skipped":0,"pct":100},"statements":{"total":2,"covered":2,"skipped":0,"pct":100},"branches":{"total":0,"covered":0,"skipped":0,"pct":100}}
,"/home/syrokomskyi/projects/warpgogol/werkstatt/packages/werkstatt-shared/src/passport/dht-sign.ts": {"lines":{"total":8,"covered":8,"skipped":0,"pct":100},"functions":{"total":3,"covered":3,"skipped":0,"pct":100},"statements":{"total":8,"covered":8,"skipped":0,"pct":100},"branches":{"total":0,"covered":0,"skipped":0,"pct":100}}
,"/home/syrokomskyi/projects/warpgogol/werkstatt/packages/werkstatt-shared/src/passport/identity-sign.ts": {"lines":{"total":5,"covered":5,"skipped":0,"pct":100},"functions":{"total":3,"covered":3,"skipped":0,"pct":100},"statements":{"total":5,"covered":5,"skipped":0,"pct":100},"branches":{"total":0,"covered":0,"skipped":0,"pct":100}}
,"/home/syrokomskyi/projects/warpgogol/werkstatt/packages/werkstatt-shared/src/passport/key-rotate.ts": {"lines":{"total":21,"covered":0,"skipped":0,"pct":0},"functions":{"total":4,"covered":0,"skipped":0,"pct":0},"statements":{"total":22,"covered":0,"skipped":0,"pct":0},"branches":{"total":3,"covered":0,"skipped":0,"pct":0}}
,"/home/syrokomskyi/projects/warpgogol/werkstatt/packages/werkstatt-shared/src/passport/schema.ts": {"lines":{"total":16,"covered":16,"skipped":0,"pct":100},"functions":{"total":0,"covered":0,"skipped":0,"pct":100},"statements":{"total":16,"covered":16,"skipped":0,"pct":100},"branches":{"total":0,"covered":0,"skipped":0,"pct":100}}
,"/home/syrokomskyi/projects/warpgogol/werkstatt/packages/werkstatt-shared/src/passport/sign.ts": {"lines":{"total":27,"covered":12,"skipped":0,"pct":44.44},"functions":{"total":9,"covered":5,"skipped":0,"pct":55.55},"statements":{"total":27,"covered":12,"skipped":0,"pct":44.44},"branches":{"total":2,"covered":1,"skipped":0,"pct":50}}
,"/home/syrokomskyi/projects/warpgogol/werkstatt/packages/werkstatt-shared/src/plugin/plugin-contract.ts": {"lines":{"total":0,"covered":0,"skipped":0,"pct":100},"functions":{"total":0,"covered":0,"skipped":0,"pct":100},"statements":{"total":0,"covered":0,"skipped":0,"pct":100},"branches":{"total":0,"covered":0,"skipped":0,"pct":100}}
,"/home/syrokomskyi/projects/warpgogol/werkstatt/packages/werkstatt-shared/src/share/attribution-display.ts": {"lines":{"total":11,"covered":0,"skipped":0,"pct":0},"functions":{"total":3,"covered":0,"skipped":0,"pct":0},"statements":{"total":13,"covered":0,"skipped":0,"pct":0},"branches":{"total":17,"covered":0,"skipped":0,"pct":0}}
,"/home/syrokomskyi/projects/warpgogol/werkstatt/packages/werkstatt-shared/src/share/check-hints.ts": {"lines":{"total":2,"covered":0,"skipped":0,"pct":0},"functions":{"total":1,"covered":0,"skipped":0,"pct":0},"statements":{"total":2,"covered":0,"skipped":0,"pct":0},"branches":{"total":0,"covered":0,"skipped":0,"pct":100}}
,"/home/syrokomskyi/projects/warpgogol/werkstatt/packages/werkstatt-shared/src/share/content-reference.ts": {"lines":{"total":125,"covered":98,"skipped":0,"pct":78.4},"functions":{"total":10,"covered":6,"skipped":0,"pct":60},"statements":{"total":133,"covered":101,"skipped":0,"pct":75.93},"branches":{"total":108,"covered":62,"skipped":0,"pct":57.4}}
,"/home/syrokomskyi/projects/warpgogol/werkstatt/packages/werkstatt-shared/src/share/counter-utils.ts": {"lines":{"total":18,"covered":0,"skipped":0,"pct":0},"functions":{"total":6,"covered":0,"skipped":0,"pct":0},"statements":{"total":19,"covered":0,"skipped":0,"pct":0},"branches":{"total":20,"covered":0,"skipped":0,"pct":0}}
,"/home/syrokomskyi/projects/warpgogol/werkstatt/packages/werkstatt-shared/src/share/css-value-normalize.ts": {"lines":{"total":2,"covered":0,"skipped":0,"pct":0},"functions":{"total":2,"covered":0,"skipped":0,"pct":0},"statements":{"total":2,"covered":0,"skipped":0,"pct":0},"branches":{"total":0,"covered":0,"skipped":0,"pct":100}}
,"/home/syrokomskyi/projects/warpgogol/werkstatt/packages/werkstatt-shared/src/share/dev-props-validator.ts": {"lines":{"total":47,"covered":41,"skipped":0,"pct":87.23},"functions":{"total":8,"covered":8,"skipped":0,"pct":100},"statements":{"total":54,"covered":47,"skipped":0,"pct":87.03},"branches":{"total":24,"covered":18,"skipped":0,"pct":75}}
,"/home/syrokomskyi/projects/warpgogol/werkstatt/packages/werkstatt-shared/src/share/entitlement.ts": {"lines":{"total":20,"covered":0,"skipped":0,"pct":0},"functions":{"total":6,"covered":0,"skipped":0,"pct":0},"statements":{"total":21,"covered":0,"skipped":0,"pct":0},"branches":{"total":18,"covered":0,"skipped":0,"pct":0}}
,"/home/syrokomskyi/projects/warpgogol/werkstatt/packages/werkstatt-shared/src/share/feature-policy.ts": {"lines":{"total":108,"covered":0,"skipped":0,"pct":0},"functions":{"total":22,"covered":0,"skipped":0,"pct":0},"statements":{"total":137,"covered":0,"skipped":0,"pct":0},"branches":{"total":146,"covered":0,"skipped":0,"pct":0}}
,"/home/syrokomskyi/projects/warpgogol/werkstatt/packages/werkstatt-shared/src/share/formula-eval.ts": {"lines":{"total":127,"covered":121,"skipped":0,"pct":95.27},"functions":{"total":9,"covered":8,"skipped":0,"pct":88.88},"statements":{"total":138,"covered":127,"skipped":0,"pct":92.02},"branches":{"total":114,"covered":95,"skipped":0,"pct":83.33}}
,"/home/syrokomskyi/projects/warpgogol/werkstatt/packages/werkstatt-shared/src/share/image-provider.ts": {"lines":{"total":57,"covered":0,"skipped":0,"pct":0},"functions":{"total":18,"covered":0,"skipped":0,"pct":0},"statements":{"total":68,"covered":0,"skipped":0,"pct":0},"branches":{"total":70,"covered":0,"skipped":0,"pct":0}}
,"/home/syrokomskyi/projects/warpgogol/werkstatt/packages/werkstatt-shared/src/share/import-scan.ts": {"lines":{"total":23,"covered":0,"skipped":0,"pct":0},"functions":{"total":5,"covered":0,"skipped":0,"pct":0},"statements":{"total":27,"covered":0,"skipped":0,"pct":0},"branches":{"total":10,"covered":0,"skipped":0,"pct":0}}
,"/home/syrokomskyi/projects/warpgogol/werkstatt/packages/werkstatt-shared/src/share/material-credits.ts": {"lines":{"total":40,"covered":0,"skipped":0,"pct":0},"functions":{"total":14,"covered":0,"skipped":0,"pct":0},"statements":{"total":45,"covered":0,"skipped":0,"pct":0},"branches":{"total":68,"covered":0,"skipped":0,"pct":0}}
,"/home/syrokomskyi/projects/warpgogol/werkstatt/packages/werkstatt-shared/src/share/offer-capacity.ts": {"lines":{"total":42,"covered":0,"skipped":0,"pct":0},"functions":{"total":12,"covered":0,"skipped":0,"pct":0},"statements":{"total":47,"covered":0,"skipped":0,"pct":0},"branches":{"total":30,"covered":0,"skipped":0,"pct":0}}
,"/home/syrokomskyi/projects/warpgogol/werkstatt/packages/werkstatt-shared/src/share/page.ts": {"lines":{"total":35,"covered":23,"skipped":0,"pct":65.71},"functions":{"total":4,"covered":2,"skipped":0,"pct":50},"statements":{"total":37,"covered":23,"skipped":0,"pct":62.16},"branches":{"total":43,"covered":23,"skipped":0,"pct":53.48}}
,"/home/syrokomskyi/projects/warpgogol/werkstatt/packages/werkstatt-shared/src/share/redirects.ts": {"lines":{"total":11,"covered":11,"skipped":0,"pct":100},"functions":{"total":6,"covered":6,"skipped":0,"pct":100},"statements":{"total":13,"covered":13,"skipped":0,"pct":100},"branches":{"total":10,"covered":8,"skipped":0,"pct":80}}
,"/home/syrokomskyi/projects/warpgogol/werkstatt/packages/werkstatt-shared/src/share/rfc0042-utils.ts": {"lines":{"total":15,"covered":0,"skipped":0,"pct":0},"functions":{"total":3,"covered":0,"skipped":0,"pct":0},"statements":{"total":15,"covered":0,"skipped":0,"pct":0},"branches":{"total":24,"covered":0,"skipped":0,"pct":0}}
,"/home/syrokomskyi/projects/warpgogol/werkstatt/packages/werkstatt-shared/src/share/runtime-context.ts": {"lines":{"total":1,"covered":1,"skipped":0,"pct":100},"functions":{"total":1,"covered":1,"skipped":0,"pct":100},"statements":{"total":2,"covered":2,"skipped":0,"pct":100},"branches":{"total":0,"covered":0,"skipped":0,"pct":100}}
,"/home/syrokomskyi/projects/warpgogol/werkstatt/packages/werkstatt-shared/src/share/shared-context.ts": {"lines":{"total":49,"covered":0,"skipped":0,"pct":0},"functions":{"total":8,"covered":0,"skipped":0,"pct":0},"statements":{"total":52,"covered":0,"skipped":0,"pct":0},"branches":{"total":51,"covered":0,"skipped":0,"pct":0}}
,"/home/syrokomskyi/projects/warpgogol/werkstatt/packages/werkstatt-shared/src/share/string-utils.ts": {"lines":{"total":1,"covered":0,"skipped":0,"pct":0},"functions":{"total":1,"covered":0,"skipped":0,"pct":0},"statements":{"total":1,"covered":0,"skipped":0,"pct":0},"branches":{"total":0,"covered":0,"skipped":0,"pct":100}}
,"/home/syrokomskyi/projects/warpgogol/werkstatt/packages/werkstatt-shared/src/share/text-normalize.ts": {"lines":{"total":156,"covered":143,"skipped":0,"pct":91.66},"functions":{"total":26,"covered":24,"skipped":0,"pct":92.3},"statements":{"total":189,"covered":165,"skipped":0,"pct":87.3},"branches":{"total":126,"covered":95,"skipped":0,"pct":75.39}}
,"/home/syrokomskyi/projects/warpgogol/werkstatt/packages/werkstatt-shared/src/share/text-position.ts": {"lines":{"total":5,"covered":0,"skipped":0,"pct":0},"functions":{"total":1,"covered":0,"skipped":0,"pct":0},"statements":{"total":5,"covered":0,"skipped":0,"pct":0},"branches":{"total":2,"covered":0,"skipped":0,"pct":0}}
,"/home/syrokomskyi/projects/warpgogol/werkstatt/packages/werkstatt-shared/src/share/visibility.ts": {"lines":{"total":25,"covered":4,"skipped":0,"pct":16},"functions":{"total":6,"covered":1,"skipped":0,"pct":16.66},"statements":{"total":29,"covered":5,"skipped":0,"pct":17.24},"branches":{"total":22,"covered":1,"skipped":0,"pct":4.54}}
,"/home/syrokomskyi/projects/warpgogol/werkstatt/packages/werkstatt-shared/src/share/wrap-inline-numbers.ts": {"lines":{"total":42,"covered":0,"skipped":0,"pct":0},"functions":{"total":7,"covered":0,"skipped":0,"pct":0},"statements":{"total":43,"covered":0,"skipped":0,"pct":0},"branches":{"total":33,"covered":0,"skipped":0,"pct":0}}
,"/home/syrokomskyi/projects/warpgogol/werkstatt/packages/werkstatt-shared/src/share/agent/api-catalog.ts": {"lines":{"total":21,"covered":19,"skipped":0,"pct":90.47},"functions":{"total":4,"covered":3,"skipped":0,"pct":75},"statements":{"total":24,"covered":21,"skipped":0,"pct":87.5},"branches":{"total":12,"covered":10,"skipped":0,"pct":83.33}}
,"/home/syrokomskyi/projects/warpgogol/werkstatt/packages/werkstatt-shared/src/share/agent/ard-catalog.ts": {"lines":{"total":15,"covered":13,"skipped":0,"pct":86.66},"functions":{"total":2,"covered":2,"skipped":0,"pct":100},"statements":{"total":16,"covered":14,"skipped":0,"pct":87.5},"branches":{"total":8,"covered":6,"skipped":0,"pct":75}}
,"/home/syrokomskyi/projects/warpgogol/werkstatt/packages/werkstatt-shared/src/share/agent/capability.ts": {"lines":{"total":12,"covered":12,"skipped":0,"pct":100},"functions":{"total":3,"covered":3,"skipped":0,"pct":100},"statements":{"total":16,"covered":16,"skipped":0,"pct":100},"branches":{"total":8,"covered":8,"skipped":0,"pct":100}}
,"/home/syrokomskyi/projects/warpgogol/werkstatt/packages/werkstatt-shared/src/share/agent/dns-aid.ts": {"lines":{"total":2,"covered":2,"skipped":0,"pct":100},"functions":{"total":1,"covered":1,"skipped":0,"pct":100},"statements":{"total":2,"covered":2,"skipped":0,"pct":100},"branches":{"total":0,"covered":0,"skipped":0,"pct":100}}
,"/home/syrokomskyi/projects/warpgogol/werkstatt/packages/werkstatt-shared/src/share/agent/fleet-catalog.ts": {"lines":{"total":29,"covered":25,"skipped":0,"pct":86.2},"functions":{"total":14,"covered":10,"skipped":0,"pct":71.42},"statements":{"total":32,"covered":26,"skipped":0,"pct":81.25},"branches":{"total":24,"covered":15,"skipped":0,"pct":62.5}}
,"/home/syrokomskyi/projects/warpgogol/werkstatt/packages/werkstatt-shared/src/share/agent/knowledge.ts": {"lines":{"total":6,"covered":6,"skipped":0,"pct":100},"functions":{"total":2,"covered":2,"skipped":0,"pct":100},"statements":{"total":6,"covered":6,"skipped":0,"pct":100},"branches":{"total":4,"covered":4,"skipped":0,"pct":100}}
,"/home/syrokomskyi/projects/warpgogol/werkstatt/packages/werkstatt-shared/src/share/agent/manifest.ts": {"lines":{"total":21,"covered":21,"skipped":0,"pct":100},"functions":{"total":7,"covered":7,"skipped":0,"pct":100},"statements":{"total":22,"covered":22,"skipped":0,"pct":100},"branches":{"total":21,"covered":20,"skipped":0,"pct":95.23}}
,"/home/syrokomskyi/projects/warpgogol/werkstatt/packages/werkstatt-shared/src/share/agent/mcp-card.ts": {"lines":{"total":2,"covered":2,"skipped":0,"pct":100},"functions":{"total":1,"covered":1,"skipped":0,"pct":100},"statements":{"total":3,"covered":3,"skipped":0,"pct":100},"branches":{"total":4,"covered":3,"skipped":0,"pct":75}}
,"/home/syrokomskyi/projects/warpgogol/werkstatt/packages/werkstatt-shared/src/share/agent/omit-empty.ts": {"lines":{"total":27,"covered":0,"skipped":0,"pct":0},"functions":{"total":3,"covered":0,"skipped":0,"pct":0},"statements":{"total":28,"covered":0,"skipped":0,"pct":0},"branches":{"total":28,"covered":0,"skipped":0,"pct":0}}
,"/home/syrokomskyi/projects/warpgogol/werkstatt/packages/werkstatt-shared/src/share/agent/openapi.ts": {"lines":{"total":22,"covered":22,"skipped":0,"pct":100},"functions":{"total":3,"covered":3,"skipped":0,"pct":100},"statements":{"total":26,"covered":25,"skipped":0,"pct":96.15},"branches":{"total":10,"covered":8,"skipped":0,"pct":80}}
,"/home/syrokomskyi/projects/warpgogol/werkstatt/packages/werkstatt-shared/src/share/agent/proof.ts": {"lines":{"total":3,"covered":3,"skipped":0,"pct":100},"functions":{"total":1,"covered":1,"skipped":0,"pct":100},"statements":{"total":3,"covered":3,"skipped":0,"pct":100},"branches":{"total":0,"covered":0,"skipped":0,"pct":100}}
,"/home/syrokomskyi/projects/warpgogol/werkstatt/packages/werkstatt-shared/src/share/agent/search.ts": {"lines":{"total":14,"covered":14,"skipped":0,"pct":100},"functions":{"total":4,"covered":4,"skipped":0,"pct":100},"statements":{"total":15,"covered":15,"skipped":0,"pct":100},"branches":{"total":0,"covered":0,"skipped":0,"pct":100}}
,"/home/syrokomskyi/projects/warpgogol/werkstatt/packages/werkstatt-shared/src/share/content/entity-id.ts": {"lines":{"total":16,"covered":0,"skipped":0,"pct":0},"functions":{"total":6,"covered":0,"skipped":0,"pct":0},"statements":{"total":16,"covered":0,"skipped":0,"pct":0},"branches":{"total":8,"covered":0,"skipped":0,"pct":0}}
,"/home/syrokomskyi/projects/warpgogol/werkstatt/packages/werkstatt-shared/src/share/content/merge.ts": {"lines":{"total":24,"covered":0,"skipped":0,"pct":0},"functions":{"total":4,"covered":0,"skipped":0,"pct":0},"statements":{"total":25,"covered":0,"skipped":0,"pct":0},"branches":{"total":25,"covered":0,"skipped":0,"pct":0}}
,"/home/syrokomskyi/projects/warpgogol/werkstatt/packages/werkstatt-shared/src/share/content/resolve-field-path.ts": {"lines":{"total":12,"covered":11,"skipped":0,"pct":91.66},"functions":{"total":1,"covered":1,"skipped":0,"pct":100},"statements":{"total":13,"covered":12,"skipped":0,"pct":92.3},"branches":{"total":10,"covered":9,"skipped":0,"pct":90}}
,"/home/syrokomskyi/projects/warpgogol/werkstatt/packages/werkstatt-shared/src/share/content/substitute-deep.ts": {"lines":{"total":10,"covered":10,"skipped":0,"pct":100},"functions":{"total":2,"covered":2,"skipped":0,"pct":100},"statements":{"total":11,"covered":11,"skipped":0,"pct":100},"branches":{"total":8,"covered":8,"skipped":0,"pct":100}}
,"/home/syrokomskyi/projects/warpgogol/werkstatt/packages/werkstatt-shared/src/share/content-discipline/parsers.ts": {"lines":{"total":14,"covered":0,"skipped":0,"pct":0},"functions":{"total":5,"covered":0,"skipped":0,"pct":0},"statements":{"total":14,"covered":0,"skipped":0,"pct":0},"branches":{"total":2,"covered":0,"skipped":0,"pct":0}}
,"/home/syrokomskyi/projects/warpgogol/werkstatt/packages/werkstatt-shared/src/share/content-discipline/types.ts": {"lines":{"total":9,"covered":0,"skipped":0,"pct":0},"functions":{"total":0,"covered":0,"skipped":0,"pct":100},"statements":{"total":9,"covered":0,"skipped":0,"pct":0},"branches":{"total":0,"covered":0,"skipped":0,"pct":100}}
,"/home/syrokomskyi/projects/warpgogol/werkstatt/packages/werkstatt-shared/src/share/i18n/localization.ts": {"lines":{"total":11,"covered":0,"skipped":0,"pct":0},"functions":{"total":4,"covered":0,"skipped":0,"pct":0},"statements":{"total":11,"covered":0,"skipped":0,"pct":0},"branches":{"total":8,"covered":0,"skipped":0,"pct":0}}
,"/home/syrokomskyi/projects/warpgogol/werkstatt/packages/werkstatt-shared/src/share/knowledge/claim.ts": {"lines":{"total":21,"covered":21,"skipped":0,"pct":100},"functions":{"total":4,"covered":4,"skipped":0,"pct":100},"statements":{"total":22,"covered":22,"skipped":0,"pct":100},"branches":{"total":12,"covered":12,"skipped":0,"pct":100}}
,"/home/syrokomskyi/projects/warpgogol/werkstatt/packages/werkstatt-shared/src/share/knowledge/derivation.ts": {"lines":{"total":7,"covered":7,"skipped":0,"pct":100},"functions":{"total":3,"covered":3,"skipped":0,"pct":100},"statements":{"total":9,"covered":9,"skipped":0,"pct":100},"branches":{"total":6,"covered":6,"skipped":0,"pct":100}}
,"/home/syrokomskyi/projects/warpgogol/werkstatt/packages/werkstatt-shared/src/share/knowledge/freshness.ts": {"lines":{"total":33,"covered":32,"skipped":0,"pct":96.96},"functions":{"total":5,"covered":4,"skipped":0,"pct":80},"statements":{"total":40,"covered":39,"skipped":0,"pct":97.5},"branches":{"total":48,"covered":43,"skipped":0,"pct":89.58}}
,"/home/syrokomskyi/projects/warpgogol/werkstatt/packages/werkstatt-shared/src/share/knowledge/ledger.ts": {"lines":{"total":42,"covered":42,"skipped":0,"pct":100},"functions":{"total":21,"covered":20,"skipped":0,"pct":95.23},"statements":{"total":50,"covered":48,"skipped":0,"pct":96},"branches":{"total":23,"covered":17,"skipped":0,"pct":73.91}}
,"/home/syrokomskyi/projects/warpgogol/werkstatt/packages/werkstatt-shared/src/share/knowledge/plan.ts": {"lines":{"total":17,"covered":16,"skipped":0,"pct":94.11},"functions":{"total":4,"covered":4,"skipped":0,"pct":100},"statements":{"total":23,"covered":22,"skipped":0,"pct":95.65},"branches":{"total":22,"covered":20,"skipped":0,"pct":90.9}}
,"/home/syrokomskyi/projects/warpgogol/werkstatt/packages/werkstatt-shared/src/share/knowledge/source.ts": {"lines":{"total":48,"covered":45,"skipped":0,"pct":93.75},"functions":{"total":6,"covered":6,"skipped":0,"pct":100},"statements":{"total":59,"covered":50,"skipped":0,"pct":84.74},"branches":{"total":60,"covered":42,"skipped":0,"pct":70}}
,"/home/syrokomskyi/projects/warpgogol/werkstatt/packages/werkstatt-shared/src/share/legal/translation-policy.ts": {"lines":{"total":16,"covered":0,"skipped":0,"pct":0},"functions":{"total":2,"covered":0,"skipped":0,"pct":0},"statements":{"total":16,"covered":0,"skipped":0,"pct":0},"branches":{"total":27,"covered":0,"skipped":0,"pct":0}}
,"/home/syrokomskyi/projects/warpgogol/werkstatt/packages/werkstatt-shared/src/share/middleware/access-protection.ts": {"lines":{"total":51,"covered":33,"skipped":0,"pct":64.7},"functions":{"total":7,"covered":4,"skipped":0,"pct":57.14},"statements":{"total":57,"covered":34,"skipped":0,"pct":59.64},"branches":{"total":42,"covered":18,"skipped":0,"pct":42.85}}
,"/home/syrokomskyi/projects/warpgogol/werkstatt/packages/werkstatt-shared/src/share/middleware/language-redirect.ts": {"lines":{"total":9,"covered":0,"skipped":0,"pct":0},"functions":{"total":2,"covered":0,"skipped":0,"pct":0},"statements":{"total":9,"covered":0,"skipped":0,"pct":0},"branches":{"total":4,"covered":0,"skipped":0,"pct":0}}
,"/home/syrokomskyi/projects/warpgogol/werkstatt/packages/werkstatt-shared/src/share/remediation/remediation-catalog.ts": {"lines":{"total":4,"covered":4,"skipped":0,"pct":100},"functions":{"total":2,"covered":2,"skipped":0,"pct":100},"statements":{"total":4,"covered":4,"skipped":0,"pct":100},"branches":{"total":0,"covered":0,"skipped":0,"pct":100}}
,"/home/syrokomskyi/projects/warpgogol/werkstatt/packages/werkstatt-shared/src/share/routes/template-filter.ts": {"lines":{"total":3,"covered":3,"skipped":0,"pct":100},"functions":{"total":2,"covered":2,"skipped":0,"pct":100},"statements":{"total":4,"covered":4,"skipped":0,"pct":100},"branches":{"total":5,"covered":5,"skipped":0,"pct":100}}
,"/home/syrokomskyi/projects/warpgogol/werkstatt/packages/werkstatt-shared/src/share/schemas/claim-records.ts": {"lines":{"total":5,"covered":0,"skipped":0,"pct":0},"functions":{"total":0,"covered":0,"skipped":0,"pct":100},"statements":{"total":5,"covered":0,"skipped":0,"pct":0},"branches":{"total":0,"covered":0,"skipped":0,"pct":100}}
,"/home/syrokomskyi/projects/warpgogol/werkstatt/packages/werkstatt-shared/src/share/schemas/claims.ts": {"lines":{"total":20,"covered":0,"skipped":0,"pct":0},"functions":{"total":2,"covered":0,"skipped":0,"pct":0},"statements":{"total":21,"covered":0,"skipped":0,"pct":0},"branches":{"total":16,"covered":0,"skipped":0,"pct":0}}
,"/home/syrokomskyi/projects/warpgogol/werkstatt/packages/werkstatt-shared/src/share/schemas/effects.ts": {"lines":{"total":34,"covered":0,"skipped":0,"pct":0},"functions":{"total":9,"covered":0,"skipped":0,"pct":0},"statements":{"total":36,"covered":0,"skipped":0,"pct":0},"branches":{"total":14,"covered":0,"skipped":0,"pct":0}}
,"/home/syrokomskyi/projects/warpgogol/werkstatt/packages/werkstatt-shared/src/share/schemas/features.ts": {"lines":{"total":15,"covered":0,"skipped":0,"pct":0},"functions":{"total":0,"covered":0,"skipped":0,"pct":100},"statements":{"total":15,"covered":0,"skipped":0,"pct":0},"branches":{"total":0,"covered":0,"skipped":0,"pct":100}}
,"/home/syrokomskyi/projects/warpgogol/werkstatt/packages/werkstatt-shared/src/share/schemas/horizontal-align.ts": {"lines":{"total":1,"covered":0,"skipped":0,"pct":0},"functions":{"total":0,"covered":0,"skipped":0,"pct":100},"statements":{"total":1,"covered":0,"skipped":0,"pct":0},"branches":{"total":0,"covered":0,"skipped":0,"pct":100}}
,"/home/syrokomskyi/projects/warpgogol/werkstatt/packages/werkstatt-shared/src/share/schemas/icon-color.ts": {"lines":{"total":1,"covered":0,"skipped":0,"pct":0},"functions":{"total":0,"covered":0,"skipped":0,"pct":100},"statements":{"total":1,"covered":0,"skipped":0,"pct":0},"branches":{"total":0,"covered":0,"skipped":0,"pct":100}}
,"/home/syrokomskyi/projects/warpgogol/werkstatt/packages/werkstatt-shared/src/share/schemas/live-photo.ts": {"lines":{"total":2,"covered":0,"skipped":0,"pct":0},"functions":{"total":0,"covered":0,"skipped":0,"pct":100},"statements":{"total":2,"covered":0,"skipped":0,"pct":0},"branches":{"total":0,"covered":0,"skipped":0,"pct":100}}
,"/home/syrokomskyi/projects/warpgogol/werkstatt/packages/werkstatt-shared/src/share/schemas/material-credit.ts": {"lines":{"total":37,"covered":0,"skipped":0,"pct":0},"functions":{"total":9,"covered":0,"skipped":0,"pct":0},"statements":{"total":49,"covered":0,"skipped":0,"pct":0},"branches":{"total":40,"covered":0,"skipped":0,"pct":0}}
,"/home/syrokomskyi/projects/warpgogol/werkstatt/packages/werkstatt-shared/src/share/schemas/media.ts": {"lines":{"total":15,"covered":0,"skipped":0,"pct":0},"functions":{"total":2,"covered":0,"skipped":0,"pct":0},"statements":{"total":16,"covered":0,"skipped":0,"pct":0},"branches":{"total":14,"covered":0,"skipped":0,"pct":0}}
,"/home/syrokomskyi/projects/warpgogol/werkstatt/packages/werkstatt-shared/src/share/schemas/navigation.ts": {"lines":{"total":6,"covered":0,"skipped":0,"pct":0},"functions":{"total":3,"covered":0,"skipped":0,"pct":0},"statements":{"total":6,"covered":0,"skipped":0,"pct":0},"branches":{"total":0,"covered":0,"skipped":0,"pct":100}}
,"/home/syrokomskyi/projects/warpgogol/werkstatt/packages/werkstatt-shared/src/share/schemas/page-base.ts": {"lines":{"total":1,"covered":0,"skipped":0,"pct":0},"functions":{"total":0,"covered":0,"skipped":0,"pct":100},"statements":{"total":1,"covered":0,"skipped":0,"pct":0},"branches":{"total":0,"covered":0,"skipped":0,"pct":100}}
,"/home/syrokomskyi/projects/warpgogol/werkstatt/packages/werkstatt-shared/src/share/schemas/participant.ts": {"lines":{"total":16,"covered":0,"skipped":0,"pct":0},"functions":{"total":0,"covered":0,"skipped":0,"pct":100},"statements":{"total":16,"covered":0,"skipped":0,"pct":0},"branches":{"total":0,"covered":0,"skipped":0,"pct":100}}
,"/home/syrokomskyi/projects/warpgogol/werkstatt/packages/werkstatt-shared/src/share/schemas/person.ts": {"lines":{"total":1,"covered":0,"skipped":0,"pct":0},"functions":{"total":0,"covered":0,"skipped":0,"pct":100},"statements":{"total":1,"covered":0,"skipped":0,"pct":0},"branches":{"total":0,"covered":0,"skipped":0,"pct":100}}
,"/home/syrokomskyi/projects/warpgogol/werkstatt/packages/werkstatt-shared/src/share/schemas/print.ts": {"lines":{"total":5,"covered":0,"skipped":0,"pct":0},"functions":{"total":0,"covered":0,"skipped":0,"pct":100},"statements":{"total":5,"covered":0,"skipped":0,"pct":0},"branches":{"total":0,"covered":0,"skipped":0,"pct":100}}
,"/home/syrokomskyi/projects/warpgogol/werkstatt/packages/werkstatt-shared/src/share/schemas/section-background.ts": {"lines":{"total":7,"covered":0,"skipped":0,"pct":0},"functions":{"total":0,"covered":0,"skipped":0,"pct":100},"statements":{"total":7,"covered":0,"skipped":0,"pct":0},"branches":{"total":0,"covered":0,"skipped":0,"pct":100}}
,"/home/syrokomskyi/projects/warpgogol/werkstatt/packages/werkstatt-shared/src/share/schemas/section-body.ts": {"lines":{"total":9,"covered":0,"skipped":0,"pct":0},"functions":{"total":0,"covered":0,"skipped":0,"pct":100},"statements":{"total":9,"covered":0,"skipped":0,"pct":0},"branches":{"total":0,"covered":0,"skipped":0,"pct":100}}
,"/home/syrokomskyi/projects/warpgogol/werkstatt/packages/werkstatt-shared/src/share/schemas/section-cards.ts": {"lines":{"total":1,"covered":0,"skipped":0,"pct":0},"functions":{"total":0,"covered":0,"skipped":0,"pct":100},"statements":{"total":1,"covered":0,"skipped":0,"pct":0},"branches":{"total":0,"covered":0,"skipped":0,"pct":100}}
,"/home/syrokomskyi/projects/warpgogol/werkstatt/packages/werkstatt-shared/src/share/schemas/section-cta.ts": {"lines":{"total":6,"covered":0,"skipped":0,"pct":0},"functions":{"total":0,"covered":0,"skipped":0,"pct":100},"statements":{"total":6,"covered":0,"skipped":0,"pct":0},"branches":{"total":0,"covered":0,"skipped":0,"pct":100}}
,"/home/syrokomskyi/projects/warpgogol/werkstatt/packages/werkstatt-shared/src/share/schemas/section-header.ts": {"lines":{"total":5,"covered":0,"skipped":0,"pct":0},"functions":{"total":0,"covered":0,"skipped":0,"pct":100},"statements":{"total":5,"covered":0,"skipped":0,"pct":0},"branches":{"total":0,"covered":0,"skipped":0,"pct":100}}
,"/home/syrokomskyi/projects/warpgogol/werkstatt/packages/werkstatt-shared/src/share/schemas/section-image.ts": {"lines":{"total":4,"covered":0,"skipped":0,"pct":0},"functions":{"total":0,"covered":0,"skipped":0,"pct":100},"statements":{"total":4,"covered":0,"skipped":0,"pct":0},"branches":{"total":0,"covered":0,"skipped":0,"pct":100}}
,"/home/syrokomskyi/projects/warpgogol/werkstatt/packages/werkstatt-shared/src/share/schemas/section-motion.ts": {"lines":{"total":3,"covered":0,"skipped":0,"pct":0},"functions":{"total":0,"covered":0,"skipped":0,"pct":100},"statements":{"total":3,"covered":0,"skipped":0,"pct":0},"branches":{"total":0,"covered":0,"skipped":0,"pct":100}}
,"/home/syrokomskyi/projects/warpgogol/werkstatt/packages/werkstatt-shared/src/share/schemas/section-shell.ts": {"lines":{"total":5,"covered":0,"skipped":0,"pct":0},"functions":{"total":0,"covered":0,"skipped":0,"pct":100},"statements":{"total":5,"covered":0,"skipped":0,"pct":0},"branches":{"total":0,"covered":0,"skipped":0,"pct":100}}
,"/home/syrokomskyi/projects/warpgogol/werkstatt/packages/werkstatt-shared/src/share/schemas/section-stats.ts": {"lines":{"total":1,"covered":0,"skipped":0,"pct":0},"functions":{"total":0,"covered":0,"skipped":0,"pct":100},"statements":{"total":1,"covered":0,"skipped":0,"pct":0},"branches":{"total":0,"covered":0,"skipped":0,"pct":100}}
,"/home/syrokomskyi/projects/warpgogol/werkstatt/packages/werkstatt-shared/src/share/schemas/site-background.ts": {"lines":{"total":6,"covered":0,"skipped":0,"pct":0},"functions":{"total":0,"covered":0,"skipped":0,"pct":100},"statements":{"total":6,"covered":0,"skipped":0,"pct":0},"branches":{"total":0,"covered":0,"skipped":0,"pct":100}}
,"/home/syrokomskyi/projects/warpgogol/werkstatt/packages/werkstatt-shared/src/share/schemas/standard-list-item.ts": {"lines":{"total":2,"covered":0,"skipped":0,"pct":0},"functions":{"total":0,"covered":0,"skipped":0,"pct":100},"statements":{"total":2,"covered":0,"skipped":0,"pct":0},"branches":{"total":0,"covered":0,"skipped":0,"pct":100}}
,"/home/syrokomskyi/projects/warpgogol/werkstatt/packages/werkstatt-shared/src/share/scripts/external-link-qr.ts": {"lines":{"total":102,"covered":0,"skipped":0,"pct":0},"functions":{"total":13,"covered":0,"skipped":0,"pct":0},"statements":{"total":114,"covered":0,"skipped":0,"pct":0},"branches":{"total":64,"covered":0,"skipped":0,"pct":0}}
,"/home/syrokomskyi/projects/warpgogol/werkstatt/packages/werkstatt-shared/src/share/scripts/external-links.ts": {"lines":{"total":26,"covered":0,"skipped":0,"pct":0},"functions":{"total":1,"covered":0,"skipped":0,"pct":0},"statements":{"total":26,"covered":0,"skipped":0,"pct":0},"branches":{"total":14,"covered":0,"skipped":0,"pct":0}}
,"/home/syrokomskyi/projects/warpgogol/werkstatt/packages/werkstatt-shared/src/share/scripts/gsap-counter.ts": {"lines":{"total":63,"covered":0,"skipped":0,"pct":0},"functions":{"total":10,"covered":0,"skipped":0,"pct":0},"statements":{"total":68,"covered":0,"skipped":0,"pct":0},"branches":{"total":40,"covered":0,"skipped":0,"pct":0}}
,"/home/syrokomskyi/projects/warpgogol/werkstatt/packages/werkstatt-shared/src/share/scripts/gsap-mountain-journey.ts": {"lines":{"total":109,"covered":0,"skipped":0,"pct":0},"functions":{"total":8,"covered":0,"skipped":0,"pct":0},"statements":{"total":114,"covered":0,"skipped":0,"pct":0},"branches":{"total":35,"covered":0,"skipped":0,"pct":0}}
,"/home/syrokomskyi/projects/warpgogol/werkstatt/packages/werkstatt-shared/src/share/scripts/gsap-parallax.ts": {"lines":{"total":13,"covered":0,"skipped":0,"pct":0},"functions":{"total":1,"covered":0,"skipped":0,"pct":0},"statements":{"total":16,"covered":0,"skipped":0,"pct":0},"branches":{"total":13,"covered":0,"skipped":0,"pct":0}}
,"/home/syrokomskyi/projects/warpgogol/werkstatt/packages/werkstatt-shared/src/share/scripts/gsap-reveal.ts": {"lines":{"total":21,"covered":0,"skipped":0,"pct":0},"functions":{"total":1,"covered":0,"skipped":0,"pct":0},"statements":{"total":24,"covered":0,"skipped":0,"pct":0},"branches":{"total":21,"covered":0,"skipped":0,"pct":0}}
,"/home/syrokomskyi/projects/warpgogol/werkstatt/packages/werkstatt-shared/src/share/scripts/gsap-stagger.ts": {"lines":{"total":15,"covered":0,"skipped":0,"pct":0},"functions":{"total":1,"covered":0,"skipped":0,"pct":0},"statements":{"total":19,"covered":0,"skipped":0,"pct":0},"branches":{"total":15,"covered":0,"skipped":0,"pct":0}}
,"/home/syrokomskyi/projects/warpgogol/werkstatt/packages/werkstatt-shared/src/share/scripts/inline-number-animation.ts": {"lines":{"total":37,"covered":0,"skipped":0,"pct":0},"functions":{"total":10,"covered":0,"skipped":0,"pct":0},"statements":{"total":42,"covered":0,"skipped":0,"pct":0},"branches":{"total":22,"covered":0,"skipped":0,"pct":0}}
,"/home/syrokomskyi/projects/warpgogol/werkstatt/packages/werkstatt-shared/src/share/scripts/lenis.ts": {"lines":{"total":35,"covered":0,"skipped":0,"pct":0},"functions":{"total":6,"covered":0,"skipped":0,"pct":0},"statements":{"total":36,"covered":0,"skipped":0,"pct":0},"branches":{"total":24,"covered":0,"skipped":0,"pct":0}}
,"/home/syrokomskyi/projects/warpgogol/werkstatt/packages/werkstatt-shared/src/share/scripts/live-photos.ts": {"lines":{"total":99,"covered":0,"skipped":0,"pct":0},"functions":{"total":18,"covered":0,"skipped":0,"pct":0},"statements":{"total":113,"covered":0,"skipped":0,"pct":0},"branches":{"total":78,"covered":0,"skipped":0,"pct":0}}
,"/home/syrokomskyi/projects/warpgogol/werkstatt/packages/werkstatt-shared/src/share/scripts/lordicon.ts": {"lines":{"total":41,"covered":0,"skipped":0,"pct":0},"functions":{"total":12,"covered":0,"skipped":0,"pct":0},"statements":{"total":44,"covered":0,"skipped":0,"pct":0},"branches":{"total":16,"covered":0,"skipped":0,"pct":0}}
,"/home/syrokomskyi/projects/warpgogol/werkstatt/packages/werkstatt-shared/src/share/scripts/orchestrator.ts": {"lines":{"total":51,"covered":0,"skipped":0,"pct":0},"functions":{"total":11,"covered":0,"skipped":0,"pct":0},"statements":{"total":53,"covered":0,"skipped":0,"pct":0},"branches":{"total":43,"covered":0,"skipped":0,"pct":0}}
,"/home/syrokomskyi/projects/warpgogol/werkstatt/packages/werkstatt-shared/src/share/scripts/scheduler.ts": {"lines":{"total":19,"covered":0,"skipped":0,"pct":0},"functions":{"total":4,"covered":0,"skipped":0,"pct":0},"statements":{"total":21,"covered":0,"skipped":0,"pct":0},"branches":{"total":16,"covered":0,"skipped":0,"pct":0}}
,"/home/syrokomskyi/projects/warpgogol/werkstatt/packages/werkstatt-shared/src/share/scripts/video-player.ts": {"lines":{"total":71,"covered":58,"skipped":0,"pct":81.69},"functions":{"total":11,"covered":9,"skipped":0,"pct":81.81},"statements":{"total":77,"covered":61,"skipped":0,"pct":79.22},"branches":{"total":29,"covered":20,"skipped":0,"pct":68.96}}
,"/home/syrokomskyi/projects/warpgogol/werkstatt/packages/werkstatt-shared/src/share/semantic/ai.ts": {"lines":{"total":53,"covered":47,"skipped":0,"pct":88.67},"functions":{"total":4,"covered":3,"skipped":0,"pct":75},"statements":{"total":64,"covered":53,"skipped":0,"pct":82.81},"branches":{"total":54,"covered":38,"skipped":0,"pct":70.37}}
,"/home/syrokomskyi/projects/warpgogol/werkstatt/packages/werkstatt-shared/src/share/semantic/block-extraction.ts": {"lines":{"total":6,"covered":6,"skipped":0,"pct":100},"functions":{"total":4,"covered":4,"skipped":0,"pct":100},"statements":{"total":6,"covered":6,"skipped":0,"pct":100},"branches":{"total":0,"covered":0,"skipped":0,"pct":100}}
,"/home/syrokomskyi/projects/warpgogol/werkstatt/packages/werkstatt-shared/src/share/semantic/breadcrumbs.ts": {"lines":{"total":26,"covered":26,"skipped":0,"pct":100},"functions":{"total":4,"covered":4,"skipped":0,"pct":100},"statements":{"total":31,"covered":30,"skipped":0,"pct":96.77},"branches":{"total":14,"covered":13,"skipped":0,"pct":92.85}}
,"/home/syrokomskyi/projects/warpgogol/werkstatt/packages/werkstatt-shared/src/share/semantic/build-page.ts": {"lines":{"total":82,"covered":63,"skipped":0,"pct":76.82},"functions":{"total":13,"covered":8,"skipped":0,"pct":61.53},"statements":{"total":96,"covered":69,"skipped":0,"pct":71.87},"branches":{"total":116,"covered":68,"skipped":0,"pct":58.62}}
,"/home/syrokomskyi/projects/warpgogol/werkstatt/packages/werkstatt-shared/src/share/semantic/business-projection.ts": {"lines":{"total":77,"covered":73,"skipped":0,"pct":94.8},"functions":{"total":17,"covered":15,"skipped":0,"pct":88.23},"statements":{"total":87,"covered":82,"skipped":0,"pct":94.25},"branches":{"total":186,"covered":154,"skipped":0,"pct":82.79}}
,"/home/syrokomskyi/projects/warpgogol/werkstatt/packages/werkstatt-shared/src/share/semantic/derived-prices-loader.ts": {"lines":{"total":8,"covered":7,"skipped":0,"pct":87.5},"functions":{"total":1,"covered":1,"skipped":0,"pct":100},"statements":{"total":8,"covered":7,"skipped":0,"pct":87.5},"branches":{"total":5,"covered":4,"skipped":0,"pct":80}}
,"/home/syrokomskyi/projects/warpgogol/werkstatt/packages/werkstatt-shared/src/share/semantic/extract.ts": {"lines":{"total":64,"covered":64,"skipped":0,"pct":100},"functions":{"total":18,"covered":18,"skipped":0,"pct":100},"statements":{"total":74,"covered":72,"skipped":0,"pct":97.29},"branches":{"total":46,"covered":43,"skipped":0,"pct":93.47}}
,"/home/syrokomskyi/projects/warpgogol/werkstatt/packages/werkstatt-shared/src/share/semantic/feed.ts": {"lines":{"total":15,"covered":15,"skipped":0,"pct":100},"functions":{"total":8,"covered":8,"skipped":0,"pct":100},"statements":{"total":16,"covered":16,"skipped":0,"pct":100},"branches":{"total":16,"covered":14,"skipped":0,"pct":87.5}}
,"/home/syrokomskyi/projects/warpgogol/werkstatt/packages/werkstatt-shared/src/share/semantic/ids.ts": {"lines":{"total":24,"covered":24,"skipped":0,"pct":100},"functions":{"total":15,"covered":15,"skipped":0,"pct":100},"statements":{"total":26,"covered":26,"skipped":0,"pct":100},"branches":{"total":12,"covered":10,"skipped":0,"pct":83.33}}
,"/home/syrokomskyi/projects/warpgogol/werkstatt/packages/werkstatt-shared/src/share/semantic/image-sitemap.ts": {"lines":{"total":36,"covered":35,"skipped":0,"pct":97.22},"functions":{"total":10,"covered":10,"skipped":0,"pct":100},"statements":{"total":42,"covered":40,"skipped":0,"pct":95.23},"branches":{"total":28,"covered":25,"skipped":0,"pct":89.28}}
,"/home/syrokomskyi/projects/warpgogol/werkstatt/packages/werkstatt-shared/src/share/semantic/jsonld.ts": {"lines":{"total":9,"covered":9,"skipped":0,"pct":100},"functions":{"total":2,"covered":2,"skipped":0,"pct":100},"statements":{"total":9,"covered":9,"skipped":0,"pct":100},"branches":{"total":18,"covered":14,"skipped":0,"pct":77.77}}
,"/home/syrokomskyi/projects/warpgogol/werkstatt/packages/werkstatt-shared/src/share/semantic/llms-policy.ts": {"lines":{"total":12,"covered":12,"skipped":0,"pct":100},"functions":{"total":3,"covered":3,"skipped":0,"pct":100},"statements":{"total":13,"covered":13,"skipped":0,"pct":100},"branches":{"total":20,"covered":19,"skipped":0,"pct":95}}
,"/home/syrokomskyi/projects/warpgogol/werkstatt/packages/werkstatt-shared/src/share/semantic/llms.ts": {"lines":{"total":128,"covered":56,"skipped":0,"pct":43.75},"functions":{"total":38,"covered":23,"skipped":0,"pct":60.52},"statements":{"total":137,"covered":60,"skipped":0,"pct":43.79},"branches":{"total":151,"covered":47,"skipped":0,"pct":31.12}}
,"/home/syrokomskyi/projects/warpgogol/werkstatt/packages/werkstatt-shared/src/share/semantic/markdown-hygiene.ts": {"lines":{"total":17,"covered":17,"skipped":0,"pct":100},"functions":{"total":7,"covered":7,"skipped":0,"pct":100},"statements":{"total":19,"covered":19,"skipped":0,"pct":100},"branches":{"total":13,"covered":13,"skipped":0,"pct":100}}
,"/home/syrokomskyi/projects/warpgogol/werkstatt/packages/werkstatt-shared/src/share/semantic/markdown-twin-provenance.ts": {"lines":{"total":71,"covered":62,"skipped":0,"pct":87.32},"functions":{"total":8,"covered":8,"skipped":0,"pct":100},"statements":{"total":76,"covered":64,"skipped":0,"pct":84.21},"branches":{"total":38,"covered":26,"skipped":0,"pct":68.42}}
,"/home/syrokomskyi/projects/warpgogol/werkstatt/packages/werkstatt-shared/src/share/semantic/models.ts": {"lines":{"total":1,"covered":1,"skipped":0,"pct":100},"functions":{"total":0,"covered":0,"skipped":0,"pct":100},"statements":{"total":1,"covered":1,"skipped":0,"pct":100},"branches":{"total":0,"covered":0,"skipped":0,"pct":100}}
,"/home/syrokomskyi/projects/warpgogol/werkstatt/packages/werkstatt-shared/src/share/semantic/organization-profile.ts": {"lines":{"total":10,"covered":10,"skipped":0,"pct":100},"functions":{"total":1,"covered":1,"skipped":0,"pct":100},"statements":{"total":10,"covered":10,"skipped":0,"pct":100},"branches":{"total":36,"covered":30,"skipped":0,"pct":83.33}}
,"/home/syrokomskyi/projects/warpgogol/werkstatt/packages/werkstatt-shared/src/share/semantic/output-projection.ts": {"lines":{"total":14,"covered":14,"skipped":0,"pct":100},"functions":{"total":4,"covered":4,"skipped":0,"pct":100},"statements":{"total":15,"covered":15,"skipped":0,"pct":100},"branches":{"total":39,"covered":36,"skipped":0,"pct":92.3}}
,"/home/syrokomskyi/projects/warpgogol/werkstatt/packages/werkstatt-shared/src/share/semantic/page-markdown.ts": {"lines":{"total":105,"covered":85,"skipped":0,"pct":80.95},"functions":{"total":10,"covered":10,"skipped":0,"pct":100},"statements":{"total":115,"covered":90,"skipped":0,"pct":78.26},"branches":{"total":68,"covered":41,"skipped":0,"pct":60.29}}
,"/home/syrokomskyi/projects/warpgogol/werkstatt/packages/werkstatt-shared/src/share/semantic/page-utils.ts": {"lines":{"total":32,"covered":32,"skipped":0,"pct":100},"functions":{"total":7,"covered":7,"skipped":0,"pct":100},"statements":{"total":33,"covered":33,"skipped":0,"pct":100},"branches":{"total":27,"covered":24,"skipped":0,"pct":88.88}}
,"/home/syrokomskyi/projects/warpgogol/werkstatt/packages/werkstatt-shared/src/share/semantic/price-marker-resolver.ts": {"lines":{"total":13,"covered":13,"skipped":0,"pct":100},"functions":{"total":6,"covered":6,"skipped":0,"pct":100},"statements":{"total":15,"covered":15,"skipped":0,"pct":100},"branches":{"total":4,"covered":4,"skipped":0,"pct":100}}
,"/home/syrokomskyi/projects/warpgogol/werkstatt/packages/werkstatt-shared/src/share/semantic/robots.ts": {"lines":{"total":55,"covered":53,"skipped":0,"pct":96.36},"functions":{"total":1,"covered":1,"skipped":0,"pct":100},"statements":{"total":55,"covered":53,"skipped":0,"pct":96.36},"branches":{"total":30,"covered":29,"skipped":0,"pct":96.66}}
,"/home/syrokomskyi/projects/warpgogol/werkstatt/packages/werkstatt-shared/src/share/semantic/update-stamp.ts": {"lines":{"total":26,"covered":26,"skipped":0,"pct":100},"functions":{"total":4,"covered":4,"skipped":0,"pct":100},"statements":{"total":28,"covered":28,"skipped":0,"pct":100},"branches":{"total":24,"covered":22,"skipped":0,"pct":91.66}}
,"/home/syrokomskyi/projects/warpgogol/werkstatt/packages/werkstatt-shared/src/share/semantic/jsonld/article.ts": {"lines":{"total":6,"covered":6,"skipped":0,"pct":100},"functions":{"total":1,"covered":1,"skipped":0,"pct":100},"statements":{"total":6,"covered":6,"skipped":0,"pct":100},"branches":{"total":22,"covered":20,"skipped":0,"pct":90.9}}
,"/home/syrokomskyi/projects/warpgogol/werkstatt/packages/werkstatt-shared/src/share/semantic/jsonld/breadcrumb.ts": {"lines":{"total":9,"covered":8,"skipped":0,"pct":88.88},"functions":{"total":3,"covered":3,"skipped":0,"pct":100},"statements":{"total":9,"covered":8,"skipped":0,"pct":88.88},"branches":{"total":2,"covered":2,"skipped":0,"pct":100}}
,"/home/syrokomskyi/projects/warpgogol/werkstatt/packages/werkstatt-shared/src/share/semantic/jsonld/collection-list.ts": {"lines":{"total":4,"covered":4,"skipped":0,"pct":100},"functions":{"total":2,"covered":2,"skipped":0,"pct":100},"statements":{"total":5,"covered":5,"skipped":0,"pct":100},"branches":{"total":4,"covered":4,"skipped":0,"pct":100}}
,"/home/syrokomskyi/projects/warpgogol/werkstatt/packages/werkstatt-shared/src/share/semantic/jsonld/context.ts": {"lines":{"total":3,"covered":3,"skipped":0,"pct":100},"functions":{"total":1,"covered":1,"skipped":0,"pct":100},"statements":{"total":3,"covered":3,"skipped":0,"pct":100},"branches":{"total":10,"covered":10,"skipped":0,"pct":100}}
,"/home/syrokomskyi/projects/warpgogol/werkstatt/packages/werkstatt-shared/src/share/semantic/jsonld/faq.ts": {"lines":{"total":10,"covered":10,"skipped":0,"pct":100},"functions":{"total":4,"covered":4,"skipped":0,"pct":100},"statements":{"total":10,"covered":10,"skipped":0,"pct":100},"branches":{"total":10,"covered":10,"skipped":0,"pct":100}}
,"/home/syrokomskyi/projects/warpgogol/werkstatt/packages/werkstatt-shared/src/share/semantic/jsonld/initiative.ts": {"lines":{"total":9,"covered":9,"skipped":0,"pct":100},"functions":{"total":5,"covered":5,"skipped":0,"pct":100},"statements":{"total":9,"covered":9,"skipped":0,"pct":100},"branches":{"total":4,"covered":4,"skipped":0,"pct":100}}
,"/home/syrokomskyi/projects/warpgogol/werkstatt/packages/werkstatt-shared/src/share/semantic/jsonld/organization.ts": {"lines":{"total":18,"covered":16,"skipped":0,"pct":88.88},"functions":{"total":11,"covered":9,"skipped":0,"pct":81.81},"statements":{"total":21,"covered":19,"skipped":0,"pct":90.47},"branches":{"total":46,"covered":39,"skipped":0,"pct":84.78}}
,"/home/syrokomskyi/projects/warpgogol/werkstatt/packages/werkstatt-shared/src/share/semantic/jsonld/person.ts": {"lines":{"total":5,"covered":5,"skipped":0,"pct":100},"functions":{"total":4,"covered":4,"skipped":0,"pct":100},"statements":{"total":7,"covered":7,"skipped":0,"pct":100},"branches":{"total":30,"covered":28,"skipped":0,"pct":93.33}}
,"/home/syrokomskyi/projects/warpgogol/werkstatt/packages/werkstatt-shared/src/share/semantic/jsonld/service.ts": {"lines":{"total":12,"covered":12,"skipped":0,"pct":100},"functions":{"total":4,"covered":4,"skipped":0,"pct":100},"statements":{"total":14,"covered":13,"skipped":0,"pct":92.85},"branches":{"total":22,"covered":20,"skipped":0,"pct":90.9}}
,"/home/syrokomskyi/projects/warpgogol/werkstatt/packages/werkstatt-shared/src/share/semantic/jsonld/shared.ts": {"lines":{"total":9,"covered":9,"skipped":0,"pct":100},"functions":{"total":2,"covered":2,"skipped":0,"pct":100},"statements":{"total":9,"covered":9,"skipped":0,"pct":100},"branches":{"total":6,"covered":6,"skipped":0,"pct":100}}
,"/home/syrokomskyi/projects/warpgogol/werkstatt/packages/werkstatt-shared/src/share/semantic/jsonld/types.ts": {"lines":{"total":0,"covered":0,"skipped":0,"pct":100},"functions":{"total":0,"covered":0,"skipped":0,"pct":100},"statements":{"total":0,"covered":0,"skipped":0,"pct":100},"branches":{"total":0,"covered":0,"skipped":0,"pct":100}}
,"/home/syrokomskyi/projects/warpgogol/werkstatt/packages/werkstatt-shared/src/share/semantic/jsonld/video.ts": {"lines":{"total":18,"covered":18,"skipped":0,"pct":100},"functions":{"total":2,"covered":2,"skipped":0,"pct":100},"statements":{"total":21,"covered":21,"skipped":0,"pct":100},"branches":{"total":8,"covered":7,"skipped":0,"pct":87.5}}
,"/home/syrokomskyi/projects/warpgogol/werkstatt/packages/werkstatt-shared/src/share/semantic/jsonld/webpage.ts": {"lines":{"total":12,"covered":8,"skipped":0,"pct":66.66},"functions":{"total":4,"covered":3,"skipped":0,"pct":75},"statements":{"total":12,"covered":8,"skipped":0,"pct":66.66},"branches":{"total":43,"covered":35,"skipped":0,"pct":81.39}}
,"/home/syrokomskyi/projects/warpgogol/werkstatt/packages/werkstatt-shared/src/share/semantic/jsonld/website.ts": {"lines":{"total":2,"covered":2,"skipped":0,"pct":100},"functions":{"total":1,"covered":1,"skipped":0,"pct":100},"statements":{"total":2,"covered":2,"skipped":0,"pct":100},"branches":{"total":0,"covered":0,"skipped":0,"pct":100}}
,"/home/syrokomskyi/projects/warpgogol/werkstatt/packages/werkstatt-shared/src/share/semantic/page-builders/markdown-page.ts": {"lines":{"total":1,"covered":1,"skipped":0,"pct":100},"functions":{"total":1,"covered":1,"skipped":0,"pct":100},"statements":{"total":1,"covered":1,"skipped":0,"pct":100},"branches":{"total":10,"covered":10,"skipped":0,"pct":100}}
,"/home/syrokomskyi/projects/warpgogol/werkstatt/packages/werkstatt-shared/src/share/semantic/tests/helpers.ts": {"lines":{"total":2,"covered":2,"skipped":0,"pct":100},"functions":{"total":2,"covered":2,"skipped":0,"pct":100},"statements":{"total":2,"covered":2,"skipped":0,"pct":100},"branches":{"total":4,"covered":4,"skipped":0,"pct":100}}
,"/home/syrokomskyi/projects/warpgogol/werkstatt/packages/werkstatt-shared/src/share/slug/heading-slugger.ts": {"lines":{"total":2,"covered":2,"skipped":0,"pct":100},"functions":{"total":1,"covered":1,"skipped":0,"pct":100},"statements":{"total":2,"covered":2,"skipped":0,"pct":100},"branches":{"total":0,"covered":0,"skipped":0,"pct":100}}
,"/home/syrokomskyi/projects/warpgogol/werkstatt/packages/werkstatt-shared/src/share/slug/slug-id.ts": {"lines":{"total":1,"covered":1,"skipped":0,"pct":100},"functions":{"total":1,"covered":1,"skipped":0,"pct":100},"statements":{"total":1,"covered":1,"skipped":0,"pct":100},"branches":{"total":2,"covered":2,"skipped":0,"pct":100}}
,"/home/syrokomskyi/projects/warpgogol/werkstatt/packages/werkstatt-shared/src/share/slug/slug-url.ts": {"lines":{"total":1,"covered":1,"skipped":0,"pct":100},"functions":{"total":1,"covered":1,"skipped":0,"pct":100},"statements":{"total":1,"covered":1,"skipped":0,"pct":100},"branches":{"total":2,"covered":2,"skipped":0,"pct":100}}
,"/home/syrokomskyi/projects/warpgogol/werkstatt/packages/werkstatt-shared/src/share/slug/strategies.ts": {"lines":{"total":8,"covered":8,"skipped":0,"pct":100},"functions":{"total":4,"covered":4,"skipped":0,"pct":100},"statements":{"total":8,"covered":8,"skipped":0,"pct":100},"branches":{"total":4,"covered":4,"skipped":0,"pct":100}}
,"/home/syrokomskyi/projects/warpgogol/werkstatt/packages/werkstatt-shared/src/surface/blueprint-schema.ts": {"lines":{"total":29,"covered":0,"skipped":0,"pct":0},"functions":{"total":2,"covered":0,"skipped":0,"pct":0},"statements":{"total":29,"covered":0,"skipped":0,"pct":0},"branches":{"total":4,"covered":0,"skipped":0,"pct":0}}
,"/home/syrokomskyi/projects/warpgogol/werkstatt/packages/werkstatt-shared/src/surface/blueprint-types.ts": {"lines":{"total":0,"covered":0,"skipped":0,"pct":100},"functions":{"total":0,"covered":0,"skipped":0,"pct":100},"statements":{"total":0,"covered":0,"skipped":0,"pct":100},"branches":{"total":0,"covered":0,"skipped":0,"pct":100}}
,"/home/syrokomskyi/projects/warpgogol/werkstatt/packages/werkstatt-shared/src/surface/blueprint.ts": {"lines":{"total":56,"covered":0,"skipped":0,"pct":0},"functions":{"total":15,"covered":0,"skipped":0,"pct":0},"statements":{"total":67,"covered":0,"skipped":0,"pct":0},"branches":{"total":74,"covered":0,"skipped":0,"pct":0}}
,"/home/syrokomskyi/projects/warpgogol/werkstatt/packages/werkstatt-shared/src/surface/breaker.ts": {"lines":{"total":5,"covered":0,"skipped":0,"pct":0},"functions":{"total":0,"covered":0,"skipped":0,"pct":100},"statements":{"total":5,"covered":0,"skipped":0,"pct":0},"branches":{"total":0,"covered":0,"skipped":0,"pct":100}}
,"/home/syrokomskyi/projects/warpgogol/werkstatt/packages/werkstatt-shared/src/surface/decision-composer.ts": {"lines":{"total":42,"covered":0,"skipped":0,"pct":0},"functions":{"total":6,"covered":0,"skipped":0,"pct":0},"statements":{"total":51,"covered":0,"skipped":0,"pct":0},"branches":{"total":46,"covered":0,"skipped":0,"pct":0}}
,"/home/syrokomskyi/projects/warpgogol/werkstatt/packages/werkstatt-shared/src/surface/eligibility.ts": {"lines":{"total":152,"covered":145,"skipped":0,"pct":95.39},"functions":{"total":18,"covered":18,"skipped":0,"pct":100},"statements":{"total":191,"covered":180,"skipped":0,"pct":94.24},"branches":{"total":105,"covered":88,"skipped":0,"pct":83.8}}
,"/home/syrokomskyi/projects/warpgogol/werkstatt/packages/werkstatt-shared/src/surface/evidence-records.ts": {"lines":{"total":5,"covered":0,"skipped":0,"pct":0},"functions":{"total":0,"covered":0,"skipped":0,"pct":100},"statements":{"total":5,"covered":0,"skipped":0,"pct":0},"branches":{"total":0,"covered":0,"skipped":0,"pct":100}}
,"/home/syrokomskyi/projects/warpgogol/werkstatt/packages/werkstatt-shared/src/surface/fleet.ts": {"lines":{"total":5,"covered":0,"skipped":0,"pct":0},"functions":{"total":0,"covered":0,"skipped":0,"pct":100},"statements":{"total":5,"covered":0,"skipped":0,"pct":0},"branches":{"total":0,"covered":0,"skipped":0,"pct":100}}
,"/home/syrokomskyi/projects/warpgogol/werkstatt/packages/werkstatt-shared/src/surface/geo.ts": {"lines":{"total":81,"covered":0,"skipped":0,"pct":0},"functions":{"total":11,"covered":0,"skipped":0,"pct":0},"statements":{"total":93,"covered":0,"skipped":0,"pct":0},"branches":{"total":89,"covered":0,"skipped":0,"pct":0}}
,"/home/syrokomskyi/projects/warpgogol/werkstatt/packages/werkstatt-shared/src/surface/governance.ts": {"lines":{"total":11,"covered":0,"skipped":0,"pct":0},"functions":{"total":0,"covered":0,"skipped":0,"pct":100},"statements":{"total":11,"covered":0,"skipped":0,"pct":0},"branches":{"total":0,"covered":0,"skipped":0,"pct":100}}
,"/home/syrokomskyi/projects/warpgogol/werkstatt/packages/werkstatt-shared/src/surface/module-context.ts": {"lines":{"total":21,"covered":0,"skipped":0,"pct":0},"functions":{"total":6,"covered":0,"skipped":0,"pct":0},"statements":{"total":22,"covered":0,"skipped":0,"pct":0},"branches":{"total":4,"covered":0,"skipped":0,"pct":0}}
,"/home/syrokomskyi/projects/warpgogol/werkstatt/packages/werkstatt-shared/src/surface/substance.ts": {"lines":{"total":52,"covered":0,"skipped":0,"pct":0},"functions":{"total":9,"covered":0,"skipped":0,"pct":0},"statements":{"total":65,"covered":0,"skipped":0,"pct":0},"branches":{"total":46,"covered":0,"skipped":0,"pct":0}}
,"/home/syrokomskyi/projects/warpgogol/werkstatt/packages/werkstatt-shared/src/surface/types.ts": {"lines":{"total":0,"covered":0,"skipped":0,"pct":100},"functions":{"total":0,"covered":0,"skipped":0,"pct":100},"statements":{"total":0,"covered":0,"skipped":0,"pct":100},"branches":{"total":0,"covered":0,"skipped":0,"pct":100}}
,"/home/syrokomskyi/projects/warpgogol/werkstatt/packages/werkstatt-shared/src/surface/visibility.ts": {"lines":{"total":4,"covered":0,"skipped":0,"pct":0},"functions":{"total":0,"covered":0,"skipped":0,"pct":100},"statements":{"total":4,"covered":0,"skipped":0,"pct":0},"branches":{"total":0,"covered":0,"skipped":0,"pct":100}}
,"/home/syrokomskyi/projects/warpgogol/werkstatt/packages/werkstatt-shared/src/surface/io/surface-module-context-io.ts": {"lines":{"total":12,"covered":0,"skipped":0,"pct":0},"functions":{"total":3,"covered":0,"skipped":0,"pct":0},"statements":{"total":13,"covered":0,"skipped":0,"pct":0},"branches":{"total":10,"covered":0,"skipped":0,"pct":0}}
,"/home/syrokomskyi/projects/warpgogol/werkstatt/packages/werkstatt-shared/src/surface/io/visibility-outcomes-io.ts": {"lines":{"total":4,"covered":0,"skipped":0,"pct":0},"functions":{"total":1,"covered":0,"skipped":0,"pct":0},"statements":{"total":5,"covered":0,"skipped":0,"pct":0},"branches":{"total":2,"covered":0,"skipped":0,"pct":0}}
}
